aleks@aleks-pc ~/pr/home/iablokov-hw/Hadoop/HW_module_2 $ java -jar target/LongestWord-jar-with-dependencies.jar hdfs://localhost:9000 /tmp/longest_word/The_Genius.txt /tmp/longest_word/results
17/03/30 00:08:57 INFO Main: Start
17/03/30 00:08:57 INFO Main: Default File System: "hdfs://localhost:9000"
17/03/30 00:08:58 WARN NativeCodeLoader: Unable to load native-hadoop library for your platform... using builtin-java classes where applicable
17/03/30 00:08:58 INFO Main: Input file: /tmp/longest_word/The_Genius.txt
17/03/30 00:08:58 INFO Main: Output dir: /tmp/longest_word/results
17/03/30 00:08:58 INFO Main: Output dir exists. Delete it: true
17/03/30 00:08:58 INFO Main: Run job
17/03/30 00:08:58 INFO deprecation: session.id is deprecated. Instead, use dfs.metrics.session-id
17/03/30 00:08:58 INFO JvmMetrics: Initializing JVM Metrics with processName=JobTracker, sessionId=
17/03/30 00:08:58 WARN JobResourceUploader: Hadoop command-line option parsing not performed. Implement the Tool interface and execute your application with ToolRunner to remedy this.
17/03/30 00:08:58 INFO FileInputFormat: Total input files to process : 1
17/03/30 00:08:58 INFO JobSubmitter: number of splits:1
17/03/30 00:08:58 INFO JobSubmitter: Submitting tokens for job: job_local1717785636_0001
17/03/30 00:08:58 INFO Job: The url to track the job: http://localhost:8080/
17/03/30 00:08:58 INFO Job: Running job: job_local1717785636_0001
17/03/30 00:08:58 INFO LocalJobRunner: OutputCommitter set in config null
17/03/30 00:08:58 INFO FileOutputCommitter: File Output Committer Algorithm version is 1
17/03/30 00:08:58 INFO FileOutputCommitter: FileOutputCommitter skip cleanup _temporary folders under output directory:false, ignore cleanup failures: false
17/03/30 00:08:58 INFO LocalJobRunner: OutputCommitter is org.apache.hadoop.mapreduce.lib.output.FileOutputCommitter
17/03/30 00:08:58 INFO LocalJobRunner: Waiting for map tasks
17/03/30 00:08:58 INFO LocalJobRunner: Starting task: attempt_local1717785636_0001_m_000000_0
17/03/30 00:08:58 INFO FileOutputCommitter: File Output Committer Algorithm version is 1
17/03/30 00:08:58 INFO FileOutputCommitter: FileOutputCommitter skip cleanup _temporary folders under output directory:false, ignore cleanup failures: false
17/03/30 00:08:58 INFO Task:  Using ResourceCalculatorProcessTree : [ ]
17/03/30 00:08:58 INFO MapTask: Processing split: hdfs://localhost:9000/tmp/longest_word/The_Genius.txt:0+1685277
17/03/30 00:08:58 INFO MapTask: (EQUATOR) 0 kvi 26214396(104857584)
17/03/30 00:08:58 INFO MapTask: mapreduce.task.io.sort.mb: 100
17/03/30 00:08:58 INFO MapTask: soft limit at 83886080
17/03/30 00:08:58 INFO MapTask: bufstart = 0; bufvoid = 104857600
17/03/30 00:08:58 INFO MapTask: kvstart = 26214396; length = 6553600
17/03/30 00:08:58 INFO MapTask: Map output collector class = org.apache.hadoop.mapred.MapTask$MapOutputBuffer
17/03/30 00:08:59 INFO LocalJobRunner:
17/03/30 00:08:59 INFO MapTask: Starting flush of map output
17/03/30 00:08:59 INFO MapTask: Spilling map output
17/03/30 00:08:59 INFO MapTask: bufstart = 0; bufend = 1685150; bufvoid = 104857600
17/03/30 00:08:59 INFO MapTask: kvstart = 26214396(104857584); kvend = 24967768(99871072); length = 1246629/6553600
17/03/30 00:08:59 INFO MapTask: Finished spill 0
17/03/30 00:08:59 INFO Task: Task:attempt_local1717785636_0001_m_000000_0 is done. And is in the process of committing
17/03/30 00:08:59 INFO LocalJobRunner: map
17/03/30 00:08:59 INFO Task: Task 'attempt_local1717785636_0001_m_000000_0' done.
17/03/30 00:08:59 INFO LocalJobRunner: Finishing task: attempt_local1717785636_0001_m_000000_0
17/03/30 00:08:59 INFO LocalJobRunner: map task executor complete.
17/03/30 00:08:59 INFO LocalJobRunner: Waiting for reduce tasks
17/03/30 00:08:59 INFO LocalJobRunner: Starting task: attempt_local1717785636_0001_r_000000_0
17/03/30 00:08:59 INFO FileOutputCommitter: File Output Committer Algorithm version is 1
17/03/30 00:08:59 INFO FileOutputCommitter: FileOutputCommitter skip cleanup _temporary folders under output directory:false, ignore cleanup failures: false
17/03/30 00:08:59 INFO Task:  Using ResourceCalculatorProcessTree : [ ]
17/03/30 00:08:59 INFO ReduceTask: Using ShuffleConsumerPlugin: org.apache.hadoop.mapreduce.task.reduce.Shuffle@188eceff
17/03/30 00:08:59 INFO MergeManagerImpl: MergerManager: memoryLimit=2599472384, maxSingleShuffleLimit=649868096, mergeThreshold=1715651840, ioSortFactor=10, memToMemMergeOutputsThreshold=10
17/03/30 00:08:59 INFO EventFetcher: attempt_local1717785636_0001_r_000000_0 Thread started: EventFetcher for fetching Map Completion Events
17/03/30 00:08:59 INFO LocalFetcher: localfetcher#1 about to shuffle output of map attempt_local1717785636_0001_m_000000_0 decomp: 33 len: 37 to MEMORY
17/03/30 00:08:59 INFO InMemoryMapOutput: Read 33 bytes from map-output for attempt_local1717785636_0001_m_000000_0
17/03/30 00:08:59 INFO MergeManagerImpl: closeInMemoryFile -> map-output of size: 33, inMemoryMapOutputs.size() -> 1, commitMemory -> 0, usedMemory ->33
17/03/30 00:08:59 INFO EventFetcher: EventFetcher is interrupted.. Returning
17/03/30 00:08:59 INFO LocalJobRunner: 1 / 1 copied.
17/03/30 00:08:59 INFO MergeManagerImpl: finalMerge called with 1 in-memory map-outputs and 0 on-disk map-outputs
17/03/30 00:08:59 INFO Merger: Merging 1 sorted segments
17/03/30 00:08:59 INFO Merger: Down to the last merge-pass, with 1 segments left of total size: 2 bytes
17/03/30 00:08:59 INFO MergeManagerImpl: Merged 1 segments, 33 bytes to disk to satisfy reduce memory limit
17/03/30 00:08:59 INFO MergeManagerImpl: Merging 1 files, 37 bytes from disk
17/03/30 00:08:59 INFO MergeManagerImpl: Merging 0 segments, 0 bytes from memory into reduce
17/03/30 00:08:59 INFO Merger: Merging 1 sorted segments
17/03/30 00:08:59 INFO Merger: Down to the last merge-pass, with 1 segments left of total size: 2 bytes
17/03/30 00:08:59 INFO LocalJobRunner: 1 / 1 copied.
17/03/30 00:08:59 INFO deprecation: mapred.skip.on is deprecated. Instead, use mapreduce.job.skiprecords
17/03/30 00:08:59 INFO Task: Task:attempt_local1717785636_0001_r_000000_0 is done. And is in the process of committing
17/03/30 00:08:59 INFO LocalJobRunner: 1 / 1 copied.
17/03/30 00:08:59 INFO Task: Task attempt_local1717785636_0001_r_000000_0 is allowed to commit now
17/03/30 00:08:59 INFO FileOutputCommitter: Saved output of task 'attempt_local1717785636_0001_r_000000_0' to hdfs://localhost:9000/tmp/longest_word/results/_temporary/0/task_local1717785636_0001_r_000000
17/03/30 00:08:59 INFO LocalJobRunner: reduce > reduce
17/03/30 00:08:59 INFO Task: Task 'attempt_local1717785636_0001_r_000000_0' done.
17/03/30 00:08:59 INFO LocalJobRunner: Finishing task: attempt_local1717785636_0001_r_000000_0
17/03/30 00:08:59 INFO LocalJobRunner: reduce task executor complete.
17/03/30 00:08:59 INFO Job: Job job_local1717785636_0001 running in uber mode : false
17/03/30 00:08:59 INFO Job:  map 100% reduce 100%
17/03/30 00:08:59 INFO Job: Job job_local1717785636_0001 completed successfully
17/03/30 00:08:59 INFO Job: Counters: 35
        File System Counters
                FILE: Number of bytes read=77347112
                FILE: Number of bytes written=78593093
                FILE: Number of read operations=0
                FILE: Number of large read operations=0
                FILE: Number of write operations=0
                HDFS: Number of bytes read=3370554
                HDFS: Number of bytes written=29
                HDFS: Number of read operations=15
                HDFS: Number of large read operations=0
                HDFS: Number of write operations=6
        Map-Reduce Framework
                Map input records=8763
                Map output records=311658
                Map output bytes=1685150
                Map output materialized bytes=37
                Input split bytes=118
                Combine input records=311658
                Combine output records=1
                Reduce input groups=1
                Reduce shuffle bytes=37
                Reduce input records=1
                Reduce output records=1
                Spilled Records=2
                Shuffled Maps =1
                Failed Shuffles=0
                Merged Map outputs=1
                GC time elapsed (ms)=4
                Total committed heap usage (bytes)=706740224
        Shuffle Errors
                BAD_ID=0
                CONNECTION=0
                IO_ERROR=0
                WRONG_LENGTH=0
                WRONG_MAP=0
                WRONG_REDUCE=0
        File Input Format Counters
                Bytes Read=1685277
        File Output Format Counters
                Bytes Written=29
17/03/30 00:08:59 INFO Main: Job finished
17/03/30 00:08:59 INFO Main: THE LONGEST WORD: penny-wise-and-pound-foolish
17/03/30 00:08:59 INFO Main: Exit
